WARN  2015-01-31 15:14:58,011 (NullSarosSession.java:64) unexpected method call
WARN  2015-01-31 15:14:58,013 (NullSarosSession.java:64) unexpected method call
WARN  2015-01-31 15:15:11,287 (NullSarosSession.java:64) unexpected method call
WARN  2015-01-31 15:15:11,294 (NullSarosSession.java:64) unexpected method call
ERROR 2015-01-31 15:16:01,220 (StunServiceImpl.java:155) an error occured while performing a STUN discovery: ICMP Port Unreachable
java.net.PortUnreachableException: ICMP Port Unreachable
	at java.net.PlainDatagramSocketImpl.receive0(Native Method)
	at java.net.AbstractPlainDatagramSocketImpl.receive(AbstractPlainDatagramSocketImpl.java:144)
	at java.net.DatagramSocket.receive(DatagramSocket.java:812)
	at de.fu_berlin.inf.dpp.net.stun.internal.StunServiceImpl$StunDiscovery.performStunDiscovery(StunServiceImpl.java:284)
	at de.fu_berlin.inf.dpp.net.stun.internal.StunServiceImpl$StunDiscovery.run(StunServiceImpl.java:151)
	at java.lang.Thread.run(Thread.java:745)
WARN  2015-01-31 15:16:33,264 (DiscoveryManager.java:445) Service Discovery failed on recipient nidiatway@gmail.com/MessagingAd9650fd7 server: xmpp.l.google.com
No response from the server.: 
	at org.jivesoftware.smackx.ServiceDiscoveryManager.discoverInfo(ServiceDiscoveryManager.java:554)
	at org.jivesoftware.smackx.ServiceDiscoveryManager.discoverInfo(ServiceDiscoveryManager.java:512)
	at de.fu_berlin.inf.dpp.net.discoverymanager.DiscoveryManager.performServiceDiscovery(DiscoveryManager.java:442)
	at de.fu_berlin.inf.dpp.net.discoverymanager.DiscoveryManager.queryFeatureSupport(DiscoveryManager.java:379)
	at de.fu_berlin.inf.dpp.net.discoverymanager.DiscoveryManager.access$3(DiscoveryManager.java:346)
	at de.fu_berlin.inf.dpp.net.discoverymanager.DiscoveryManager$2.run(DiscoveryManager.java:325)
	at de.fu_berlin.inf.dpp.util.Utils$2.run(Utils.java:175)
	at java.util.concurrent.ThreadPoolExecutor.runWorker(ThreadPoolExecutor.java:1142)
	at java.util.concurrent.ThreadPoolExecutor$Worker.run(ThreadPoolExecutor.java:617)
	at java.lang.Thread.run(Thread.java:745)
WARN  2015-01-31 15:17:03,266 (DiscoveryManager.java:445) Service Discovery failed on recipient cat.dcm@gmail.com/MessagingA17cb56db server: xmpp.l.google.com
No response from the server.: 
	at org.jivesoftware.smackx.ServiceDiscoveryManager.discoverInfo(ServiceDiscoveryManager.java:554)
	at org.jivesoftware.smackx.ServiceDiscoveryManager.discoverInfo(ServiceDiscoveryManager.java:512)
	at de.fu_berlin.inf.dpp.net.discoverymanager.DiscoveryManager.performServiceDiscovery(DiscoveryManager.java:442)
	at de.fu_berlin.inf.dpp.net.discoverymanager.DiscoveryManager.queryFeatureSupport(DiscoveryManager.java:379)
	at de.fu_berlin.inf.dpp.net.discoverymanager.DiscoveryManager.access$3(DiscoveryManager.java:346)
	at de.fu_berlin.inf.dpp.net.discoverymanager.DiscoveryManager$2.run(DiscoveryManager.java:325)
	at de.fu_berlin.inf.dpp.util.Utils$2.run(Utils.java:175)
	at java.util.concurrent.ThreadPoolExecutor.runWorker(ThreadPoolExecutor.java:1142)
	at java.util.concurrent.ThreadPoolExecutor$Worker.run(ThreadPoolExecutor.java:617)
	at java.lang.Thread.run(Thread.java:745)
WARN  2015-01-31 15:17:17,640 (NullSarosSession.java:64) unexpected method call
WARN  2015-01-31 15:17:17,641 (NullSarosSession.java:64) unexpected method call
ERROR 2015-01-31 15:17:18,513 (SarosNet.java:392) internal error in listener: de.fu_berlin.inf.dpp.communication.chat.single.SingleUserChatService$1@348b3310
java.lang.NullPointerException
	at de.fu_berlin.inf.dpp.ui.util.SWTUtils.runSafeSWTAsync(SWTUtils.java:144)
	at de.fu_berlin.inf.dpp.ui.widgets.chat.ChatControl$5.disconnected(ChatControl.java:278)
	at de.fu_berlin.inf.dpp.communication.chat.AbstractChat.notifyJIDDisconnected(AbstractChat.java:72)
	at de.fu_berlin.inf.dpp.communication.chat.single.SingleUserChat.setConnected(SingleUserChat.java:129)
	at de.fu_berlin.inf.dpp.communication.chat.single.SingleUserChatService$1.connectionStateChanged(SingleUserChatService.java:60)
	at de.fu_berlin.inf.dpp.net.SarosNet.setConnectionState(SarosNet.java:390)
	at de.fu_berlin.inf.dpp.net.SarosNet.disconnect(SarosNet.java:289)
	at de.fu_berlin.inf.dpp.Saros$1.run(Saros.java:334)
	at de.fu_berlin.inf.dpp.util.Utils$2.run(Utils.java:175)
	at java.lang.Thread.run(Thread.java:745)
WARN  2015-01-31 15:17:18,515 (SWTUtils.java:144) could not execute runnable de.fu_berlin.inf.dpp.ui.widgets.ConnectionStateComposite$1$1@47a6a4b, UI thread is not available
StackTrace:
	at de.fu_berlin.inf.dpp.ui.util.SWTUtils.runSafeSWTAsync(SWTUtils.java:145)
	at de.fu_berlin.inf.dpp.ui.widgets.ConnectionStateComposite$1.connectionStateChanged(ConnectionStateComposite.java:55)
	at de.fu_berlin.inf.dpp.net.SarosNet.setConnectionState(SarosNet.java:390)
	at de.fu_berlin.inf.dpp.net.SarosNet.disconnect(SarosNet.java:289)
	at de.fu_berlin.inf.dpp.Saros$1.run(Saros.java:334)
	at de.fu_berlin.inf.dpp.util.Utils$2.run(Utils.java:175)
	at java.lang.Thread.run(Thread.java:745)
WARN  2015-01-31 15:17:18,692 (SWTUtils.java:144) could not execute runnable de.fu_berlin.inf.dpp.ui.widgets.ConnectionStateComposite$1$1@349288, UI thread is not available
StackTrace:
	at de.fu_berlin.inf.dpp.ui.util.SWTUtils.runSafeSWTAsync(SWTUtils.java:145)
	at de.fu_berlin.inf.dpp.ui.widgets.ConnectionStateComposite$1.connectionStateChanged(ConnectionStateComposite.java:55)
	at de.fu_berlin.inf.dpp.net.SarosNet.setConnectionState(SarosNet.java:390)
	at de.fu_berlin.inf.dpp.net.SarosNet.disconnect(SarosNet.java:293)
	at de.fu_berlin.inf.dpp.Saros$1.run(Saros.java:334)
	at de.fu_berlin.inf.dpp.util.Utils$2.run(Utils.java:175)
	at java.lang.Thread.run(Thread.java:745)
ERROR 2015-01-31 15:17:18,696 (Utils.java:177) Internal Error:
java.lang.RuntimeException: java.lang.InterruptedException
	at org.jivesoftware.smack.PacketCollector.nextResult(PacketCollector.java:138)
	at org.jivesoftware.smackx.ServiceDiscoveryManager.discoverInfo(ServiceDiscoveryManager.java:550)
	at org.jivesoftware.smackx.ServiceDiscoveryManager.discoverInfo(ServiceDiscoveryManager.java:512)
	at de.fu_berlin.inf.dpp.net.discoverymanager.DiscoveryManager.performServiceDiscovery(DiscoveryManager.java:442)
	at de.fu_berlin.inf.dpp.net.discoverymanager.DiscoveryManager.queryFeatureSupport(DiscoveryManager.java:379)
	at de.fu_berlin.inf.dpp.net.discoverymanager.DiscoveryManager.access$3(DiscoveryManager.java:346)
	at de.fu_berlin.inf.dpp.net.discoverymanager.DiscoveryManager$2.run(DiscoveryManager.java:325)
	at de.fu_berlin.inf.dpp.util.Utils$2.run(Utils.java:175)
	at java.util.concurrent.ThreadPoolExecutor.runWorker(ThreadPoolExecutor.java:1142)
	at java.util.concurrent.ThreadPoolExecutor$Worker.run(ThreadPoolExecutor.java:617)
	at java.lang.Thread.run(Thread.java:745)
Caused by: java.lang.InterruptedException
	at java.util.concurrent.locks.AbstractQueuedSynchronizer$ConditionObject.reportInterruptAfterWait(AbstractQueuedSynchronizer.java:2014)
	at java.util.concurrent.locks.AbstractQueuedSynchronizer$ConditionObject.awaitNanos(AbstractQueuedSynchronizer.java:2088)
	at java.util.concurrent.ArrayBlockingQueue.poll(ArrayBlockingQueue.java:418)
	at org.jivesoftware.smack.PacketCollector.nextResult(PacketCollector.java:135)
	... 10 more
ERROR 2015-01-31 15:17:18,698 (Utils.java:178) Original caller:
StackTrace:
	at de.fu_berlin.inf.dpp.util.Utils.wrapSafe(Utils.java:169)
	at de.fu_berlin.inf.dpp.net.discoverymanager.DiscoveryManager.queryFeatureSupport(DiscoveryManager.java:322)
	at de.fu_berlin.inf.dpp.ui.model.roster.RosterEntryElement.isSarosSupported(RosterEntryElement.java:146)
	at de.fu_berlin.inf.dpp.ui.model.roster.RosterEntryElement.getImage(RosterEntryElement.java:112)
	at de.fu_berlin.inf.dpp.ui.model.TreeLabelProvider.update(TreeLabelProvider.java:28)
	at org.eclipse.jface.viewers.ViewerColumn.refresh(ViewerColumn.java:154)
	at org.eclipse.jface.viewers.AbstractTreeViewer.doUpdateItem(AbstractTreeViewer.java:949)
	at org.eclipse.jface.viewers.AbstractTreeViewer$UpdateItemSafeRunnable.run(AbstractTreeViewer.java:114)
	at org.eclipse.core.runtime.SafeRunner.run(SafeRunner.java:42)
	at org.eclipse.ui.internal.JFaceUtil$1.run(JFaceUtil.java:50)
	at org.eclipse.jface.util.SafeRunnable.run(SafeRunnable.java:178)
	at org.eclipse.jface.viewers.AbstractTreeViewer.doUpdateItem(AbstractTreeViewer.java:1029)
	at org.eclipse.jface.viewers.StructuredViewer$UpdateItemSafeRunnable.run(StructuredViewer.java:472)
	at org.eclipse.core.runtime.SafeRunner.run(SafeRunner.java:42)
	at org.eclipse.ui.internal.JFaceUtil$1.run(JFaceUtil.java:50)
	at org.eclipse.jface.util.SafeRunnable.run(SafeRunnable.java:178)
	at org.eclipse.jface.viewers.StructuredViewer.updateItem(StructuredViewer.java:2150)
	at org.eclipse.jface.viewers.AbstractTreeViewer.updateChildren(AbstractTreeViewer.java:2752)
	at org.eclipse.jface.viewers.AbstractTreeViewer.internalRefreshStruct(AbstractTreeViewer.java:1918)
	at org.eclipse.jface.viewers.TreeViewer.internalRefreshStruct(TreeViewer.java:684)
	at org.eclipse.jface.viewers.AbstractTreeViewer.internalRefreshStruct(AbstractTreeViewer.java:1925)
	at org.eclipse.jface.viewers.TreeViewer.internalRefreshStruct(TreeViewer.java:684)
	at org.eclipse.jface.viewers.AbstractTreeViewer.internalRefresh(AbstractTreeViewer.java:1893)
	at org.eclipse.jface.viewers.AbstractTreeViewer.internalRefresh(AbstractTreeViewer.java:1850)
	at org.eclipse.jface.viewers.StructuredViewer$8.run(StructuredViewer.java:1528)
	at org.eclipse.jface.viewers.StructuredViewer.preservingSelection(StructuredViewer.java:1436)
	at org.eclipse.jface.viewers.TreeViewer.preservingSelection(TreeViewer.java:366)
	at org.eclipse.jface.viewers.StructuredViewer.preservingSelection(StructuredViewer.java:1397)
	at org.eclipse.jface.viewers.StructuredViewer.refresh(StructuredViewer.java:1525)
	at org.eclipse.jface.viewers.ColumnViewer.refresh(ColumnViewer.java:533)
	at org.eclipse.jface.viewers.StructuredViewer.refresh(StructuredViewer.java:1481)
	at de.fu_berlin.inf.nebula.utils.ViewerUtils$8.run(ViewerUtils.java:230)
	at org.eclipse.swt.widgets.RunnableLock.run(RunnableLock.java:35)
	at org.eclipse.swt.widgets.Synchronizer.runAsyncMessages(Synchronizer.java:136)
	at org.eclipse.swt.widgets.Display.runAsyncMessages(Display.java:3774)
	at org.eclipse.swt.widgets.Display.readAndDispatch(Display.java:3412)
	at org.eclipse.e4.ui.internal.workbench.swt.PartRenderingEngine$9.run(PartRenderingEngine.java:1151)
	at org.eclipse.core.databinding.observable.Realm.runWithDefault(Realm.java:332)
	at org.eclipse.e4.ui.internal.workbench.swt.PartRenderingEngine.run(PartRenderingEngine.java:1032)
	at org.eclipse.e4.ui.internal.workbench.E4Workbench.createAndRunUI(E4Workbench.java:148)
	at org.eclipse.ui.internal.Workbench$5.run(Workbench.java:636)
	at org.eclipse.core.databinding.observable.Realm.runWithDefault(Realm.java:332)
	at org.eclipse.ui.internal.Workbench.createAndRunWorkbench(Workbench.java:579)
	at org.eclipse.ui.PlatformUI.createAndRunWorkbench(PlatformUI.java:150)
	at org.eclipse.ui.internal.ide.application.IDEApplication.start(IDEApplication.java:135)
	at org.eclipse.equinox.internal.app.EclipseAppHandle.run(EclipseAppHandle.java:196)
	at org.eclipse.core.runtime.internal.adaptor.EclipseAppLauncher.runApplication(EclipseAppLauncher.java:134)
	at org.eclipse.core.runtime.internal.adaptor.EclipseAppLauncher.start(EclipseAppLauncher.java:104)
	at org.eclipse.core.runtime.adaptor.EclipseStarter.run(EclipseStarter.java:380)
	at org.eclipse.core.runtime.adaptor.EclipseStarter.run(EclipseStarter.java:235)
	at sun.reflect.NativeMethodAccessorImpl.invoke0(Native Method)
	at sun.reflect.NativeMethodAccessorImpl.invoke(NativeMethodAccessorImpl.java:62)
	at sun.reflect.DelegatingMethodAccessorImpl.invoke(DelegatingMethodAccessorImpl.java:43)
	at java.lang.reflect.Method.invoke(Method.java:483)
	at org.eclipse.equinox.launcher.Main.invokeFramework(Main.java:648)
	at org.eclipse.equinox.launcher.Main.basicRun(Main.java:603)
	at org.eclipse.equinox.launcher.Main.run(Main.java:1465)
	at org.eclipse.equinox.launcher.Main.main(Main.java:1438)
